  CDebugProfiler.cpp
  CRect.cpp
  CResource.cpp
  Maths.cpp
  Primitive.cpp
  CFireball.cpp
  CFlame.cpp
  CInventory.cpp
C:\Users\dogpo\Desktop\2023Game\07Nakamoto\魂結びの廃墟\Ruins_of_the_Soul_Binding\Ruins_of_the_Soul_Binding\src\Game\CInventory.cpp(288,36): warning C4018: '<': signed と unsigned の数値を比較しようとしました。
  CMeasure.cpp
  main.cpp
  コード生成しています。
  0 of 5432 functions ( 0.0%) were compiled, the rest were copied from previous compilation.
    0 functions were new in current compilation
    0 functions had inline decision re-evaluated but remain unchanged
  コード生成が終了しました。
ftgl_static.lib(FTPixmapFont.obj) : warning LNK4099: PDB 'ftgl_static.pdb' が 'ftgl_static.lib(FTPixmapFont.obj)' で、または 'C:\Users\dogpo\Desktop\2023Game\07Nakamoto\魂結びの廃墟\Ruins_of_the_Soul_Binding\Release\ftgl_static.pdb' に見つかりません。デバッグ情報がないものとして、オブジェクトにリンクします。
ftgl_static.lib(FTSimpleLayout.obj) : warning LNK4099: PDB 'ftgl_static.pdb' が 'ftgl_static.lib(FTSimpleLayout.obj)' で、または 'C:\Users\dogpo\Desktop\2023Game\07Nakamoto\魂結びの廃墟\Ruins_of_the_Soul_Binding\Release\ftgl_static.pdb' に見つかりません。デバッグ情報がないものとして、オブジェクトにリンクします。
ftgl_static.lib(FTFont.obj) : warning LNK4099: PDB 'ftgl_static.pdb' が 'ftgl_static.lib(FTFont.obj)' で、または 'C:\Users\dogpo\Desktop\2023Game\07Nakamoto\魂結びの廃墟\Ruins_of_the_Soul_Binding\Release\ftgl_static.pdb' に見つかりません。デバッグ情報がないものとして、オブジェクトにリンクします。
ftgl_static.lib(FTPixmapGlyph.obj) : warning LNK4099: PDB 'ftgl_static.pdb' が 'ftgl_static.lib(FTPixmapGlyph.obj)' で、または 'C:\Users\dogpo\Desktop\2023Game\07Nakamoto\魂結びの廃墟\Ruins_of_the_Soul_Binding\Release\ftgl_static.pdb' に見つかりません。デバッグ情報がないものとして、オブジェクトにリンクします。
ftgl_static.lib(FTLayout.obj) : warning LNK4099: PDB 'ftgl_static.pdb' が 'ftgl_static.lib(FTLayout.obj)' で、または 'C:\Users\dogpo\Desktop\2023Game\07Nakamoto\魂結びの廃墟\Ruins_of_the_Soul_Binding\Release\ftgl_static.pdb' に見つかりません。デバッグ情報がないものとして、オブジェクトにリンクします。
ftgl_static.lib(FTFace.obj) : warning LNK4099: PDB 'ftgl_static.pdb' が 'ftgl_static.lib(FTFace.obj)' で、または 'C:\Users\dogpo\Desktop\2023Game\07Nakamoto\魂結びの廃墟\Ruins_of_the_Soul_Binding\Release\ftgl_static.pdb' に見つかりません。デバッグ情報がないものとして、オブジェクトにリンクします。
ftgl_static.lib(FTSize.obj) : warning LNK4099: PDB 'ftgl_static.pdb' が 'ftgl_static.lib(FTSize.obj)' で、または 'C:\Users\dogpo\Desktop\2023Game\07Nakamoto\魂結びの廃墟\Ruins_of_the_Soul_Binding\Release\ftgl_static.pdb' に見つかりません。デバッグ情報がないものとして、オブジェクトにリンクします。
ftgl_static.lib(FTGlyphContainer.obj) : warning LNK4099: PDB 'ftgl_static.pdb' が 'ftgl_static.lib(FTGlyphContainer.obj)' で、または 'C:\Users\dogpo\Desktop\2023Game\07Nakamoto\魂結びの廃墟\Ruins_of_the_Soul_Binding\Release\ftgl_static.pdb' に見つかりません。デバッグ情報がないものとして、オブジェクトにリンクします。
ftgl_static.lib(FTGlyph.obj) : warning LNK4099: PDB 'ftgl_static.pdb' が 'ftgl_static.lib(FTGlyph.obj)' で、または 'C:\Users\dogpo\Desktop\2023Game\07Nakamoto\魂結びの廃墟\Ruins_of_the_Soul_Binding\Release\ftgl_static.pdb' に見つかりません。デバッグ情報がないものとして、オブジェクトにリンクします。
ftgl_static.lib(FTLibrary.obj) : warning LNK4099: PDB 'ftgl_static.pdb' が 'ftgl_static.lib(FTLibrary.obj)' で、または 'C:\Users\dogpo\Desktop\2023Game\07Nakamoto\魂結びの廃墟\Ruins_of_the_Soul_Binding\Release\ftgl_static.pdb' に見つかりません。デバッグ情報がないものとして、オブジェクトにリンクします。
ftgl_static.lib(FTCharmap.obj) : warning LNK4099: PDB 'ftgl_static.pdb' が 'ftgl_static.lib(FTCharmap.obj)' で、または 'C:\Users\dogpo\Desktop\2023Game\07Nakamoto\魂結びの廃墟\Ruins_of_the_Soul_Binding\Release\ftgl_static.pdb' に見つかりません。デバッグ情報がないものとして、オブジェクトにリンクします。
ftgl_static.lib(ftsystem.obj) : warning LNK4099: PDB '' が 'ftgl_static.lib(ftsystem.obj)' で、または '' に見つかりません。デバッグ情報がないものとして、オブジェクトにリンクします。
ftgl_static.lib(ftdebug.obj) : warning LNK4099: PDB 'freetype.pdb' が 'ftgl_static.lib(ftdebug.obj)' で、または 'C:\Users\dogpo\Desktop\2023Game\07Nakamoto\魂結びの廃墟\Ruins_of_the_Soul_Binding\Release\freetype.pdb' に見つかりません。デバッグ情報がないものとして、オブジェクトにリンクします。
ftgl_static.lib(winfnt.obj) : warning LNK4099: PDB 'freetype.pdb' が 'ftgl_static.lib(winfnt.obj)' で、または 'C:\Users\dogpo\Desktop\2023Game\07Nakamoto\魂結びの廃墟\Ruins_of_the_Soul_Binding\Release\freetype.pdb' に見つかりません。デバッグ情報がないものとして、オブジェクトにリンクします。
ftgl_static.lib(type42.obj) : warning LNK4099: PDB '' が 'ftgl_static.lib(type42.obj)' で、または '' に見つかりません。デバッグ情報がないものとして、オブジェクトにリンクします。
ftgl_static.lib(type1.obj) : warning LNK4099: PDB 'freetype.pdb' が 'ftgl_static.lib(type1.obj)' で、または 'C:\Users\dogpo\Desktop\2023Game\07Nakamoto\魂結びの廃墟\Ruins_of_the_Soul_Binding\Release\freetype.pdb' に見つかりません。デバッグ情報がないものとして、オブジェクトにリンクします。
ftgl_static.lib(truetype.obj) : warning LNK4099: PDB 'freetype.pdb' が 'ftgl_static.lib(truetype.obj)' で、または 'C:\Users\dogpo\Desktop\2023Game\07Nakamoto\魂結びの廃墟\Ruins_of_the_Soul_Binding\Release\freetype.pdb' に見つかりません。デバッグ情報がないものとして、オブジェクトにリンクします。
ftgl_static.lib(svg.obj) : warning LNK4099: PDB 'freetype.pdb' が 'ftgl_static.lib(svg.obj)' で、または 'C:\Users\dogpo\Desktop\2023Game\07Nakamoto\魂結びの廃墟\Ruins_of_the_Soul_Binding\Release\freetype.pdb' に見つかりません。デバッグ情報がないものとして、オブジェクトにリンクします。
ftgl_static.lib(sdf.obj) : warning LNK4099: PDB 'freetype.pdb' が 'ftgl_static.lib(sdf.obj)' で、または 'C:\Users\dogpo\Desktop\2023Game\07Nakamoto\魂結びの廃墟\Ruins_of_the_Soul_Binding\Release\freetype.pdb' に見つかりません。デバッグ情報がないものとして、オブジェクトにリンクします。
ftgl_static.lib(smooth.obj) : warning LNK4099: PDB 'freetype.pdb' が 'ftgl_static.lib(smooth.obj)' で、または 'C:\Users\dogpo\Desktop\2023Game\07Nakamoto\魂結びの廃墟\Ruins_of_the_Soul_Binding\Release\freetype.pdb' に見つかりません。デバッグ情報がないものとして、オブジェクトにリンクします。
ftgl_static.lib(sfnt.obj) : warning LNK4099: PDB 'freetype.pdb' が 'ftgl_static.lib(sfnt.obj)' で、または 'C:\Users\dogpo\Desktop\2023Game\07Nakamoto\魂結びの廃墟\Ruins_of_the_Soul_Binding\Release\freetype.pdb' に見つかりません。デバッグ情報がないものとして、オブジェクトにリンクします。
ftgl_static.lib(raster.obj) : warning LNK4099: PDB 'freetype.pdb' が 'ftgl_static.lib(raster.obj)' で、または 'C:\Users\dogpo\Desktop\2023Game\07Nakamoto\魂結びの廃墟\Ruins_of_the_Soul_Binding\Release\freetype.pdb' に見つかりません。デバッグ情報がないものとして、オブジェクトにリンクします。
ftgl_static.lib(psmodule.obj) : warning LNK4099: PDB 'freetype.pdb' が 'ftgl_static.lib(psmodule.obj)' で、または 'C:\Users\dogpo\Desktop\2023Game\07Nakamoto\魂結びの廃墟\Ruins_of_the_Soul_Binding\Release\freetype.pdb' に見つかりません。デバッグ情報がないものとして、オブジェクトにリンクします。
ftgl_static.lib(pshinter.obj) : warning LNK4099: PDB 'freetype.pdb' が 'ftgl_static.lib(pshinter.obj)' で、または 'C:\Users\dogpo\Desktop\2023Game\07Nakamoto\魂結びの廃墟\Ruins_of_the_Soul_Binding\Release\freetype.pdb' に見つかりません。デバッグ情報がないものとして、オブジェクトにリンクします。
ftgl_static.lib(psaux.obj) : warning LNK4099: PDB 'freetype.pdb' が 'ftgl_static.lib(psaux.obj)' で、または 'C:\Users\dogpo\Desktop\2023Game\07Nakamoto\魂結びの廃墟\Ruins_of_the_Soul_Binding\Release\freetype.pdb' に見つかりません。デバッグ情報がないものとして、オブジェクトにリンクします。
ftgl_static.lib(pfr.obj) : warning LNK4099: PDB '' が 'ftgl_static.lib(pfr.obj)' で、または '' に見つかりません。デバッグ情報がないものとして、オブジェクトにリンクします。
ftgl_static.lib(pcf.obj) : warning LNK4099: PDB 'freetype.pdb' が 'ftgl_static.lib(pcf.obj)' で、または 'C:\Users\dogpo\Desktop\2023Game\07Nakamoto\魂結びの廃墟\Ruins_of_the_Soul_Binding\Release\freetype.pdb' に見つかりません。デバッグ情報がないものとして、オブジェクトにリンクします。
ftgl_static.lib(ftlzw.obj) : warning LNK4099: PDB 'freetype.pdb' が 'ftgl_static.lib(ftlzw.obj)' で、または 'C:\Users\dogpo\Desktop\2023Game\07Nakamoto\魂結びの廃墟\Ruins_of_the_Soul_Binding\Release\freetype.pdb' に見つかりません。デバッグ情報がないものとして、オブジェクトにリンクします。
ftgl_static.lib(ftgzip.obj) : warning LNK4099: PDB 'freetype.pdb' が 'ftgl_static.lib(ftgzip.obj)' で、または 'C:\Users\dogpo\Desktop\2023Game\07Nakamoto\魂結びの廃墟\Ruins_of_the_Soul_Binding\Release\freetype.pdb' に見つかりません。デバッグ情報がないものとして、オブジェクトにリンクします。
ftgl_static.lib(type1cid.obj) : warning LNK4099: PDB 'freetype.pdb' が 'ftgl_static.lib(type1cid.obj)' で、または 'C:\Users\dogpo\Desktop\2023Game\07Nakamoto\魂結びの廃墟\Ruins_of_the_Soul_Binding\Release\freetype.pdb' に見つかりません。デバッグ情報がないものとして、オブジェクトにリンクします。
ftgl_static.lib(cff.obj) : warning LNK4099: PDB 'freetype.pdb' が 'ftgl_static.lib(cff.obj)' で、または 'C:\Users\dogpo\Desktop\2023Game\07Nakamoto\魂結びの廃墟\Ruins_of_the_Soul_Binding\Release\freetype.pdb' に見つかりません。デバッグ情報がないものとして、オブジェクトにリンクします。
ftgl_static.lib(bdf.obj) : warning LNK4099: PDB 'freetype.pdb' が 'ftgl_static.lib(bdf.obj)' で、または 'C:\Users\dogpo\Desktop\2023Game\07Nakamoto\魂結びの廃墟\Ruins_of_the_Soul_Binding\Release\freetype.pdb' に見つかりません。デバッグ情報がないものとして、オブジェクトにリンクします。
ftgl_static.lib(ftmm.obj) : warning LNK4099: PDB 'freetype.pdb' が 'ftgl_static.lib(ftmm.obj)' で、または 'C:\Users\dogpo\Desktop\2023Game\07Nakamoto\魂結びの廃墟\Ruins_of_the_Soul_Binding\Release\freetype.pdb' に見つかりません。デバッグ情報がないものとして、オブジェクトにリンクします。
ftgl_static.lib(ftinit.obj) : warning LNK4099: PDB 'freetype.pdb' が 'ftgl_static.lib(ftinit.obj)' で、または 'C:\Users\dogpo\Desktop\2023Game\07Nakamoto\魂結びの廃墟\Ruins_of_the_Soul_Binding\Release\freetype.pdb' に見つかりません。デバッグ情報がないものとして、オブジェクトにリンクします。
ftgl_static.lib(ftbitmap.obj) : warning LNK4099: PDB '' が 'ftgl_static.lib(ftbitmap.obj)' で、または '' に見つかりません。デバッグ情報がないものとして、オブジェクトにリンクします。
ftgl_static.lib(ftbase.obj) : warning LNK4099: PDB 'freetype.pdb' が 'ftgl_static.lib(ftbase.obj)' で、または 'C:\Users\dogpo\Desktop\2023Game\07Nakamoto\魂結びの廃墟\Ruins_of_the_Soul_Binding\Release\freetype.pdb' に見つかりません。デバッグ情報がないものとして、オブジェクトにリンクします。
ftgl_static.lib(autofit.obj) : warning LNK4099: PDB 'freetype.pdb' が 'ftgl_static.lib(autofit.obj)' で、または 'C:\Users\dogpo\Desktop\2023Game\07Nakamoto\魂結びの廃墟\Ruins_of_the_Soul_Binding\Release\freetype.pdb' に見つかりません。デバッグ情報がないものとして、オブジェクトにリンクします。
  Ruins_of_the_Soul_Binding.vcxproj -> C:\Users\dogpo\Desktop\2023Game\07Nakamoto\魂結びの廃墟\Ruins_of_the_Soul_Binding\Release\Ruins_of_the_Soul_Binding.exe
