c:\users\dogpo\desktop\2023game\07nakamoto\3dlv1_vs2019_00\gameprogramming\debug\vc142.pdb
c:\users\dogpo\desktop\2023game\07nakamoto\3dlv1_vs2019_00\gameprogramming\debug\vc142.idb
c:\users\dogpo\desktop\2023game\07nakamoto\3dlv1_vs2019_00\gameprogramming\debug\cmyshader.obj
c:\users\dogpo\desktop\2023game\07nakamoto\3dlv1_vs2019_00\gameprogramming\debug\cmodelx.obj
c:\users\dogpo\desktop\2023game\07nakamoto\3dlv1_vs2019_00\gameprogramming\debug\cmodel.obj
c:\users\dogpo\desktop\2023game\07nakamoto\3dlv1_vs2019_00\gameprogramming\debug\cmatrix.obj
c:\users\dogpo\desktop\2023game\07nakamoto\3dlv1_vs2019_00\gameprogramming\debug\cmaterial.obj
c:\users\dogpo\desktop\2023game\07nakamoto\3dlv1_vs2019_00\gameprogramming\debug\cfont.obj
c:\users\dogpo\desktop\2023game\07nakamoto\3dlv1_vs2019_00\gameprogramming\debug\cenemy3.obj
c:\users\dogpo\desktop\2023game\07nakamoto\3dlv1_vs2019_00\gameprogramming\debug\cenemy.obj
c:\users\dogpo\desktop\2023game\07nakamoto\3dlv1_vs2019_00\gameprogramming\debug\ceffect.obj
c:\users\dogpo\desktop\2023game\07nakamoto\3dlv1_vs2019_00\gameprogramming\debug\ccollisionmanager.obj
c:\users\dogpo\desktop\2023game\07nakamoto\3dlv1_vs2019_00\gameprogramming\debug\ccollidertraiangle.obj
c:\users\dogpo\desktop\2023game\07nakamoto\3dlv1_vs2019_00\gameprogramming\debug\ccollidermesh.obj
c:\users\dogpo\desktop\2023game\07nakamoto\3dlv1_vs2019_00\gameprogramming\debug\ccolliderline.obj
c:\users\dogpo\desktop\2023game\07nakamoto\3dlv1_vs2019_00\gameprogramming\debug\ccollider.obj
c:\users\dogpo\desktop\2023game\07nakamoto\3dlv1_vs2019_00\gameprogramming\debug\ccharacter3.obj
c:\users\dogpo\desktop\2023game\07nakamoto\3dlv1_vs2019_00\gameprogramming\debug\ccamera.obj
c:\users\dogpo\desktop\2023game\07nakamoto\3dlv1_vs2019_00\gameprogramming\debug\cbullet.obj
c:\users\dogpo\desktop\2023game\07nakamoto\3dlv1_vs2019_00\gameprogramming\debug\cbillboard.obj
c:\users\dogpo\desktop\2023game\07nakamoto\3dlv1_vs2019_00\gameprogramming\debug\capplication.obj
c:\users\dogpo\desktop\2023game\07nakamoto\3dlv1_vs2019_00\gameprogramming\debug\cactioncamera.obj
c:\users\dogpo\desktop\2023game\07nakamoto\3dlv1_vs2019_00\gameprogramming\debug\main.obj
c:\users\dogpo\desktop\2023game\07nakamoto\3dlv1_vs2019_00\gameprogramming\debug\cxplayer.obj
c:\users\dogpo\desktop\2023game\07nakamoto\3dlv1_vs2019_00\gameprogramming\debug\cxenemy.obj
c:\users\dogpo\desktop\2023game\07nakamoto\3dlv1_vs2019_00\gameprogramming\debug\cxcharacter.obj
c:\users\dogpo\desktop\2023game\07nakamoto\3dlv1_vs2019_00\gameprogramming\debug\cvector.obj
c:\users\dogpo\desktop\2023game\07nakamoto\3dlv1_vs2019_00\gameprogramming\debug\cui.obj
c:\users\dogpo\desktop\2023game\07nakamoto\3dlv1_vs2019_00\gameprogramming\debug\ctriangle.obj
c:\users\dogpo\desktop\2023game\07nakamoto\3dlv1_vs2019_00\gameprogramming\debug\gameprogramming.tlog\cl.command.1.tlog
c:\users\dogpo\desktop\2023game\07nakamoto\3dlv1_vs2019_00\gameprogramming\debug\gameprogramming.tlog\cl.read.1.tlog
c:\users\dogpo\desktop\2023game\07nakamoto\3dlv1_vs2019_00\gameprogramming\debug\gameprogramming.tlog\cl.write.1.tlog
