c:\users\dogpo\desktop\2023game\07nakamoto\searching for the target\gameprogramming\release\vc142.pdb
c:\users\dogpo\desktop\2023game\07nakamoto\searching for the target\gameprogramming\release\cmaterial.obj
c:\users\dogpo\desktop\2023game\07nakamoto\searching for the target\gameprogramming\release\cinput.obj
c:\users\dogpo\desktop\2023game\07nakamoto\searching for the target\gameprogramming\release\ceffect.obj
c:\users\dogpo\desktop\2023game\07nakamoto\searching for the target\gameprogramming\release\cswitch.obj
c:\users\dogpo\desktop\2023game\07nakamoto\searching for the target\gameprogramming\release\cobject.obj
c:\users\dogpo\desktop\2023game\07nakamoto\searching for the target\gameprogramming\release\cmovewall.obj
c:\users\dogpo\desktop\2023game\07nakamoto\searching for the target\gameprogramming\release\cgame.obj
c:\users\dogpo\desktop\2023game\07nakamoto\searching for the target\gameprogramming\release\cfont.obj
c:\users\dogpo\desktop\2023game\07nakamoto\searching for the target\gameprogramming\release\cfloor.obj
c:\users\dogpo\desktop\2023game\07nakamoto\searching for the target\gameprogramming\release\ccollisionmanager.obj
c:\users\dogpo\desktop\2023game\07nakamoto\searching for the target\gameprogramming\release\ccollidertriangle.obj
c:\users\dogpo\desktop\2023game\07nakamoto\searching for the target\gameprogramming\release\ccollidermesh.obj
c:\users\dogpo\desktop\2023game\07nakamoto\searching for the target\gameprogramming\release\ccolliderline.obj
c:\users\dogpo\desktop\2023game\07nakamoto\searching for the target\gameprogramming\release\ccolliderhitmanage.obj
c:\users\dogpo\desktop\2023game\07nakamoto\searching for the target\gameprogramming\release\ccollider.obj
c:\users\dogpo\desktop\2023game\07nakamoto\searching for the target\gameprogramming\release\ccharacter.obj
c:\users\dogpo\desktop\2023game\07nakamoto\searching for the target\gameprogramming\release\ccamera.obj
c:\users\dogpo\desktop\2023game\07nakamoto\searching for the target\gameprogramming\release\cbullet.obj
c:\users\dogpo\desktop\2023game\07nakamoto\searching for the target\gameprogramming\release\cbillboard.obj
c:\users\dogpo\desktop\2023game\07nakamoto\searching for the target\gameprogramming\release\capplication.obj
c:\users\dogpo\desktop\2023game\07nakamoto\searching for the target\gameprogramming\release\main.obj
c:\users\dogpo\desktop\2023game\07nakamoto\searching for the target\gameprogramming\release\cvector.obj
c:\users\dogpo\desktop\2023game\07nakamoto\searching for the target\gameprogramming\release\cui.obj
c:\users\dogpo\desktop\2023game\07nakamoto\searching for the target\gameprogramming\release\ctriangle.obj
c:\users\dogpo\desktop\2023game\07nakamoto\searching for the target\gameprogramming\release\ctransform.obj
c:\users\dogpo\desktop\2023game\07nakamoto\searching for the target\gameprogramming\release\ctexture.obj
c:\users\dogpo\desktop\2023game\07nakamoto\searching for the target\gameprogramming\release\ctaskmanager.obj
c:\users\dogpo\desktop\2023game\07nakamoto\searching for the target\gameprogramming\release\ctarget.obj
c:\users\dogpo\desktop\2023game\07nakamoto\searching for the target\gameprogramming\release\csound.obj
c:\users\dogpo\desktop\2023game\07nakamoto\searching for the target\gameprogramming\release\cslope.obj
c:\users\dogpo\desktop\2023game\07nakamoto\searching for the target\gameprogramming\release\cplayer.obj
c:\users\dogpo\desktop\2023game\07nakamoto\searching for the target\gameprogramming\release\cmovefloor.obj
c:\users\dogpo\desktop\2023game\07nakamoto\searching for the target\gameprogramming\release\cmatrix.obj
c:\users\dogpo\desktop\2023game\07nakamoto\searching for the target\gameprogramming\release\gameprogramming.tlog\cl.command.1.tlog
c:\users\dogpo\desktop\2023game\07nakamoto\searching for the target\gameprogramming\release\gameprogramming.tlog\cl.read.1.tlog
c:\users\dogpo\desktop\2023game\07nakamoto\searching for the target\gameprogramming\release\gameprogramming.tlog\cl.write.1.tlog
