c:\users\dogpo\desktop\2023game\07nakamoto\searching for the target\gameprogramming\debug\vc142.pdb
c:\users\dogpo\desktop\2023game\07nakamoto\searching for the target\gameprogramming\debug\vc142.idb
c:\users\dogpo\desktop\2023game\07nakamoto\searching for the target\gameprogramming\debug\ctarget.obj
c:\users\dogpo\desktop\2023game\07nakamoto\searching for the target\gameprogramming\debug\csound.obj
c:\users\dogpo\desktop\2023game\07nakamoto\searching for the target\gameprogramming\debug\cslope.obj
c:\users\dogpo\desktop\2023game\07nakamoto\searching for the target\gameprogramming\debug\cplayer.obj
c:\users\dogpo\desktop\2023game\07nakamoto\searching for the target\gameprogramming\debug\cmovefloor.obj
c:\users\dogpo\desktop\2023game\07nakamoto\searching for the target\gameprogramming\debug\cmodel.obj
c:\users\dogpo\desktop\2023game\07nakamoto\searching for the target\gameprogramming\debug\cmatrix.obj
c:\users\dogpo\desktop\2023game\07nakamoto\searching for the target\gameprogramming\debug\cmaterial.obj
c:\users\dogpo\desktop\2023game\07nakamoto\searching for the target\gameprogramming\debug\cinput.obj
c:\users\dogpo\desktop\2023game\07nakamoto\searching for the target\gameprogramming\debug\ceffect.obj
c:\users\dogpo\desktop\2023game\07nakamoto\searching for the target\gameprogramming\debug\cswitch.obj
c:\users\dogpo\desktop\2023game\07nakamoto\searching for the target\gameprogramming\debug\ccollisionmanager.obj
c:\users\dogpo\desktop\2023game\07nakamoto\searching for the target\gameprogramming\debug\ccollidertriangle.obj
c:\users\dogpo\desktop\2023game\07nakamoto\searching for the target\gameprogramming\debug\ccollidermesh.obj
c:\users\dogpo\desktop\2023game\07nakamoto\searching for the target\gameprogramming\debug\ccolliderline.obj
c:\users\dogpo\desktop\2023game\07nakamoto\searching for the target\gameprogramming\debug\ccollider.obj
c:\users\dogpo\desktop\2023game\07nakamoto\searching for the target\gameprogramming\debug\ccharacter.obj
c:\users\dogpo\desktop\2023game\07nakamoto\searching for the target\gameprogramming\debug\cbullet.obj
c:\users\dogpo\desktop\2023game\07nakamoto\searching for the target\gameprogramming\debug\cbillboard.obj
c:\users\dogpo\desktop\2023game\07nakamoto\searching for the target\gameprogramming\debug\capplication.obj
c:\users\dogpo\desktop\2023game\07nakamoto\searching for the target\gameprogramming\debug\main.obj
c:\users\dogpo\desktop\2023game\07nakamoto\searching for the target\gameprogramming\debug\cvector.obj
c:\users\dogpo\desktop\2023game\07nakamoto\searching for the target\gameprogramming\debug\ctriangle.obj
c:\users\dogpo\desktop\2023game\07nakamoto\searching for the target\gameprogramming\debug\ctransform.obj
c:\users\dogpo\desktop\2023game\07nakamoto\searching for the target\gameprogramming\debug\ctexture.obj
c:\users\dogpo\desktop\2023game\07nakamoto\searching for the target\gameprogramming\debug\ctaskmanager.obj
c:\users\dogpo\desktop\2023game\07nakamoto\searching for the target\gameprogramming\debug\cmovingdoor.obj
c:\users\dogpo\desktop\2023game\07nakamoto\searching for the target\debug\gameprogramming.exe
c:\users\dogpo\desktop\2023game\07nakamoto\searching for the target\debug\gameprogramming.ilk
c:\users\dogpo\desktop\2023game\07nakamoto\searching for the target\debug\gameprogramming.pdb
c:\users\dogpo\desktop\2023game\07nakamoto\searching for the target\gameprogramming\debug\gameprogramming.tlog\cl.command.1.tlog
c:\users\dogpo\desktop\2023game\07nakamoto\searching for the target\gameprogramming\debug\gameprogramming.tlog\cl.read.1.tlog
c:\users\dogpo\desktop\2023game\07nakamoto\searching for the target\gameprogramming\debug\gameprogramming.tlog\cl.write.1.tlog
c:\users\dogpo\desktop\2023game\07nakamoto\searching for the target\gameprogramming\debug\gameprogramming.tlog\link.command.1.tlog
c:\users\dogpo\desktop\2023game\07nakamoto\searching for the target\gameprogramming\debug\gameprogramming.tlog\link.read.1.tlog
c:\users\dogpo\desktop\2023game\07nakamoto\searching for the target\gameprogramming\debug\gameprogramming.tlog\link.write.1.tlog
